# Reading D:/modelsim_dlx64_10.6c/tcl/vsim/pref.tcl
# do {c.do}
# E:/quartus/VLSI/DWT/FPGA/src
# ** Error: (vlib-35) Failed to create directory "work".
# File exists. (errno = EEXIST)
# Model Technology ModelSim DE-64 vmap 10.6c Lib Mapping Utility 2017.07 Jul 26 2017
# vmap work ./work 
# Modifying D:/modelsim_dlx64_10.6c/win64pe/modelsim.ini
# Model Technology ModelSim DE-64 vlog 10.6c Compiler 2017.07 Jul 26 2017
# Start time: 17:47:57 on Jan 07,2024
# vlog -reportprogress 300 E:/quartus/VLSI/DWT/FPGA/src/DWT.v E:/quartus/VLSI/DWT/FPGA/src/DWT_1.v E:/quartus/VLSI/DWT/FPGA/src/DWT_1_tb.v E:/quartus/VLSI/DWT/FPGA/src/DWT_2.v E:/quartus/VLSI/DWT/FPGA/src/DWT_2_tb.v E:/quartus/VLSI/DWT/FPGA/src/DWT_3.v E:/quartus/VLSI/DWT/FPGA/src/DWT_4.v E:/quartus/VLSI/DWT/FPGA/src/DWT_tb.v E:/quartus/VLSI/DWT/FPGA/src/data_gen.v E:/quartus/VLSI/DWT/FPGA/src/data_gen_tb.v E:/quartus/VLSI/DWT/FPGA/src/downsample.v E:/quartus/VLSI/DWT/FPGA/src/upsample.v 
# -- Compiling module DWT
# -- Compiling module DWT_1
# -- Compiling module tb_DWT_1
# -- Compiling module DWT_2
# -- Compiling module tb_DWT_2
# -- Compiling module DWT_3
# -- Compiling module DWT_4
# -- Compiling module tb_DWT
# -- Compiling module data_gen
# -- Compiling module tb_data_gen
# -- Compiling module downsample
# -- Compiling module upsample
# 
# Top level modules:
# 	tb_DWT_1
# 	tb_DWT_2
# 	tb_DWT
# 	tb_data_gen
# End time: 17:47:57 on Jan 07,2024, Elapsed time: 0:00:00
# Errors: 0, Warnings: 0
# Model Technology ModelSim DE-64 vlog 10.6c Compiler 2017.07 Jul 26 2017
# Start time: 17:47:57 on Jan 07,2024
# vlog -reportprogress 300 E:/quartus/VLSI/DWT/FPGA/src/IP/signal_data.v 
# -- Compiling module signal_data
# 
# Top level modules:
# 	signal_data
# End time: 17:47:57 on Jan 07,2024, Elapsed time: 0:00:00
# Errors: 0, Warnings: 0
# Model Technology ModelSim DE-64 vlog 10.6c Compiler 2017.07 Jul 26 2017
# Start time: 17:47:57 on Jan 07,2024
# vlog -reportprogress 300 E:/quartus/VLSI/DWT/FPGA/src/FIR/FIR.v E:/quartus/VLSI/DWT/FPGA/src/FIR/FIR_src.v E:/quartus/VLSI/DWT/FPGA/src/FIR/FIR_src_tb.v E:/quartus/VLSI/DWT/FPGA/src/FIR/FIR_tb.v E:/quartus/VLSI/DWT/FPGA/src/FIR/com.v E:/quartus/VLSI/DWT/FPGA/src/FIR/par_gen.v E:/quartus/VLSI/DWT/FPGA/src/FIR/par_gen_tb.v E:/quartus/VLSI/DWT/FPGA/src/FIR/y_6k.v E:/quartus/VLSI/DWT/FPGA/src/FIR/y_6k_1.v E:/quartus/VLSI/DWT/FPGA/src/FIR/y_6k_1_tb.v E:/quartus/VLSI/DWT/FPGA/src/FIR/y_6k_2.v E:/quartus/VLSI/DWT/FPGA/src/FIR/y_6k_2_tb.v E:/quartus/VLSI/DWT/FPGA/src/FIR/y_6k_3.v E:/quartus/VLSI/DWT/FPGA/src/FIR/y_6k_3_tb.v E:/quartus/VLSI/DWT/FPGA/src/FIR/y_6k_4.v E:/quartus/VLSI/DWT/FPGA/src/FIR/y_6k_5.v E:/quartus/VLSI/DWT/FPGA/src/FIR/y_6k_tb.v 
# -- Compiling module FIR
# -- Compiling module FIR_src
# -- Compiling module tb_FIR_src
# -- Compiling module tb_FIR
# -- Compiling module com
# -- Compiling module par_gen
# -- Compiling module tb_par_gen
# -- Compiling module y_6k
# -- Compiling module y_6k_1
# -- Compiling module tb_y_6k_1
# -- Compiling module y_6k_2
# -- Compiling module tb_y_6k_2
# -- Compiling module y_6k_3
# -- Compiling module tb_y_6k_3
# -- Compiling module y_6k_4
# -- Compiling module y_6k_5
# -- Compiling module tb_y_6k
# 
# Top level modules:
# 	tb_FIR_src
# 	tb_FIR
# 	tb_par_gen
# 	tb_y_6k_1
# 	tb_y_6k_2
# 	tb_y_6k_3
# 	y_6k_4
# 	y_6k_5
# 	tb_y_6k
# End time: 17:47:57 on Jan 07,2024, Elapsed time: 0:00:00
# Errors: 0, Warnings: 0
# do {s.do}
# vsim -t 1ps -L altera_ver -L lpm_ver -L sgate_ver -L altera_mf_ver -L altera_lnsim_ver -L cycloneiii_ver -L rtl_work -L work -voptargs=""+acc"" tb_DWT 
# Start time: 17:47:58 on Jan 07,2024
# //  ModelSim DE-64 10.6c Jul 26 2017
# //
# //  Copyright 1991-2017 Mentor Graphics Corporation
# //  All Rights Reserved.
# //
# //  ModelSim DE-64 and its associated documentation contain trade
# //  secrets and commercial or financial information that are the property of
# //  Mentor Graphics Corporation and are privileged, confidential,
# //  and exempt from disclosure under the Freedom of Information Act,
# //  5 U.S.C. Section 552. Furthermore, this information
# //  is prohibited from disclosure under the Trade Secrets Act,
# //  18 U.S.C. Section 1905.
# //
# Loading work.tb_DWT
# ** Error (suppressible): (vsim-19) Failed to access library 'cycloneiii_ver' at "cycloneiii_ver".
# No such file or directory. (errno = ENOENT)
# ** Error (suppressible): (vsim-19) Failed to access library 'rtl_work' at "rtl_work".
# No such file or directory. (errno = ENOENT)
# Loading work.DWT
# ** Error (suppressible): (vsim-19) Failed to access library 'cycloneiii_ver' at "cycloneiii_ver".
# No such file or directory. (errno = ENOENT)
# ** Error (suppressible): (vsim-19) Failed to access library 'rtl_work' at "rtl_work".
# No such file or directory. (errno = ENOENT)
# Loading work.DWT_1
# ** Error (suppressible): (vsim-19) Failed to access library 'cycloneiii_ver' at "cycloneiii_ver".
# No such file or directory. (errno = ENOENT)
# ** Error (suppressible): (vsim-19) Failed to access library 'rtl_work' at "rtl_work".
# No such file or directory. (errno = ENOENT)
# Loading work.data_gen
# ** Error (suppressible): (vsim-19) Failed to access library 'cycloneiii_ver' at "cycloneiii_ver".
# No such file or directory. (errno = ENOENT)
# ** Error (suppressible): (vsim-19) Failed to access library 'rtl_work' at "rtl_work".
# No such file or directory. (errno = ENOENT)
# Loading work.signal_data
# Loading altera_mf_ver.altsyncram
# Loading altera_mf_ver.ALTERA_DEVICE_FAMILIES
# Loading altera_mf_ver.ALTERA_MF_MEMORY_INITIALIZATION
# ** Error (suppressible): (vsim-19) Failed to access library 'cycloneiii_ver' at "cycloneiii_ver".
# No such file or directory. (errno = ENOENT)
# ** Error (suppressible): (vsim-19) Failed to access library 'rtl_work' at "rtl_work".
# No such file or directory. (errno = ENOENT)
# Loading work.FIR
# ** Error (suppressible): (vsim-19) Failed to access library 'cycloneiii_ver' at "cycloneiii_ver".
# No such file or directory. (errno = ENOENT)
# ** Error (suppressible): (vsim-19) Failed to access library 'rtl_work' at "rtl_work".
# No such file or directory. (errno = ENOENT)
# Loading work.par_gen
# ** Error (suppressible): (vsim-19) Failed to access library 'cycloneiii_ver' at "cycloneiii_ver".
# No such file or directory. (errno = ENOENT)
# ** Error (suppressible): (vsim-19) Failed to access library 'rtl_work' at "rtl_work".
# No such file or directory. (errno = ENOENT)
# Loading work.FIR_src
# ** Error (suppressible): (vsim-19) Failed to access library 'cycloneiii_ver' at "cycloneiii_ver".
# No such file or directory. (errno = ENOENT)
# ** Error (suppressible): (vsim-19) Failed to access library 'rtl_work' at "rtl_work".
# No such file or directory. (errno = ENOENT)
# Loading work.y_6k
# ** Error (suppressible): (vsim-19) Failed to access library 'cycloneiii_ver' at "cycloneiii_ver".
# No such file or directory. (errno = ENOENT)
# ** Error (suppressible): (vsim-19) Failed to access library 'rtl_work' at "rtl_work".
# No such file or directory. (errno = ENOENT)
# Loading work.y_6k_1
# ** Error (suppressible): (vsim-19) Failed to access library 'cycloneiii_ver' at "cycloneiii_ver".
# No such file or directory. (errno = ENOENT)
# ** Error (suppressible): (vsim-19) Failed to access library 'rtl_work' at "rtl_work".
# No such file or directory. (errno = ENOENT)
# Loading work.y_6k_2
# ** Error (suppressible): (vsim-19) Failed to access library 'cycloneiii_ver' at "cycloneiii_ver".
# No such file or directory. (errno = ENOENT)
# ** Error (suppressible): (vsim-19) Failed to access library 'rtl_work' at "rtl_work".
# No such file or directory. (errno = ENOENT)
# ** Error (suppressible): (vsim-19) Failed to access library 'cycloneiii_ver' at "cycloneiii_ver".
# No such file or directory. (errno = ENOENT)
# ** Error (suppressible): (vsim-19) Failed to access library 'rtl_work' at "rtl_work".
# No such file or directory. (errno = ENOENT)
# ** Error (suppressible): (vsim-19) Failed to access library 'cycloneiii_ver' at "cycloneiii_ver".
# No such file or directory. (errno = ENOENT)
# ** Error (suppressible): (vsim-19) Failed to access library 'rtl_work' at "rtl_work".
# No such file or directory. (errno = ENOENT)
# ** Error (suppressible): (vsim-19) Failed to access library 'cycloneiii_ver' at "cycloneiii_ver".
# No such file or directory. (errno = ENOENT)
# ** Error (suppressible): (vsim-19) Failed to access library 'rtl_work' at "rtl_work".
# No such file or directory. (errno = ENOENT)
# ** Error (suppressible): (vsim-19) Failed to access library 'cycloneiii_ver' at "cycloneiii_ver".
# No such file or directory. (errno = ENOENT)
# ** Error (suppressible): (vsim-19) Failed to access library 'rtl_work' at "rtl_work".
# No such file or directory. (errno = ENOENT)
# ** Error (suppressible): (vsim-19) Failed to access library 'cycloneiii_ver' at "cycloneiii_ver".
# No such file or directory. (errno = ENOENT)
# ** Error (suppressible): (vsim-19) Failed to access library 'rtl_work' at "rtl_work".
# No such file or directory. (errno = ENOENT)
# ** Error (suppressible): (vsim-19) Failed to access library 'cycloneiii_ver' at "cycloneiii_ver".
# No such file or directory. (errno = ENOENT)
# ** Error (suppressible): (vsim-19) Failed to access library 'rtl_work' at "rtl_work".
# No such file or directory. (errno = ENOENT)
# Loading work.downsample
# ** Error (suppressible): (vsim-19) Failed to access library 'cycloneiii_ver' at "cycloneiii_ver".
# No such file or directory. (errno = ENOENT)
# ** Error (suppressible): (vsim-19) Failed to access library 'rtl_work' at "rtl_work".
# No such file or directory. (errno = ENOENT)
# Loading work.DWT_2
# ** Error (suppressible): (vsim-19) Failed to access library 'cycloneiii_ver' at "cycloneiii_ver".
# No such file or directory. (errno = ENOENT)
# ** Error (suppressible): (vsim-19) Failed to access library 'rtl_work' at "rtl_work".
# No such file or directory. (errno = ENOENT)
# ** Error (suppressible): (vsim-19) Failed to access library 'cycloneiii_ver' at "cycloneiii_ver".
# No such file or directory. (errno = ENOENT)
# ** Error (suppressible): (vsim-19) Failed to access library 'rtl_work' at "rtl_work".
# No such file or directory. (errno = ENOENT)
# ** Error (suppressible): (vsim-19) Failed to access library 'cycloneiii_ver' at "cycloneiii_ver".
# No such file or directory. (errno = ENOENT)
# ** Error (suppressible): (vsim-19) Failed to access library 'rtl_work' at "rtl_work".
# No such file or directory. (errno = ENOENT)
# ** Error (suppressible): (vsim-19) Failed to access library 'cycloneiii_ver' at "cycloneiii_ver".
# No such file or directory. (errno = ENOENT)
# ** Error (suppressible): (vsim-19) Failed to access library 'rtl_work' at "rtl_work".
# No such file or directory. (errno = ENOENT)
# ** Error (suppressible): (vsim-19) Failed to access library 'cycloneiii_ver' at "cycloneiii_ver".
# No such file or directory. (errno = ENOENT)
# ** Error (suppressible): (vsim-19) Failed to access library 'rtl_work' at "rtl_work".
# No such file or directory. (errno = ENOENT)
# ** Error (suppressible): (vsim-19) Failed to access library 'cycloneiii_ver' at "cycloneiii_ver".
# No such file or directory. (errno = ENOENT)
# ** Error (suppressible): (vsim-19) Failed to access library 'rtl_work' at "rtl_work".
# No such file or directory. (errno = ENOENT)
# ** Error (suppressible): (vsim-19) Failed to access library 'cycloneiii_ver' at "cycloneiii_ver".
# No such file or directory. (errno = ENOENT)
# ** Error (suppressible): (vsim-19) Failed to access library 'rtl_work' at "rtl_work".
# No such file or directory. (errno = ENOENT)
# ** Error (suppressible): (vsim-19) Failed to access library 'cycloneiii_ver' at "cycloneiii_ver".
# No such file or directory. (errno = ENOENT)
# ** Error (suppressible): (vsim-19) Failed to access library 'rtl_work' at "rtl_work".
# No such file or directory. (errno = ENOENT)
# ** Error (suppressible): (vsim-19) Failed to access library 'cycloneiii_ver' at "cycloneiii_ver".
# No such file or directory. (errno = ENOENT)
# ** Error (suppressible): (vsim-19) Failed to access library 'rtl_work' at "rtl_work".
# No such file or directory. (errno = ENOENT)
# ** Error (suppressible): (vsim-19) Failed to access library 'cycloneiii_ver' at "cycloneiii_ver".
# No such file or directory. (errno = ENOENT)
# ** Error (suppressible): (vsim-19) Failed to access library 'rtl_work' at "rtl_work".
# No such file or directory. (errno = ENOENT)
# ** Error (suppressible): (vsim-19) Failed to access library 'cycloneiii_ver' at "cycloneiii_ver".
# No such file or directory. (errno = ENOENT)
# ** Error (suppressible): (vsim-19) Failed to access library 'rtl_work' at "rtl_work".
# No such file or directory. (errno = ENOENT)
# ** Error (suppressible): (vsim-19) Failed to access library 'cycloneiii_ver' at "cycloneiii_ver".
# No such file or directory. (errno = ENOENT)
# ** Error (suppressible): (vsim-19) Failed to access library 'rtl_work' at "rtl_work".
# No such file or directory. (errno = ENOENT)
# ** Error (suppressible): (vsim-19) Failed to access library 'cycloneiii_ver' at "cycloneiii_ver".
# No such file or directory. (errno = ENOENT)
# ** Error (suppressible): (vsim-19) Failed to access library 'rtl_work' at "rtl_work".
# No such file or directory. (errno = ENOENT)
# ** Error (suppressible): (vsim-19) Failed to access library 'cycloneiii_ver' at "cycloneiii_ver".
# No such file or directory. (errno = ENOENT)
# ** Error (suppressible): (vsim-19) Failed to access library 'rtl_work' at "rtl_work".
# No such file or directory. (errno = ENOENT)
# Loading work.upsample
# ** Error (suppressible): (vsim-19) Failed to access library 'cycloneiii_ver' at "cycloneiii_ver".
# No such file or directory. (errno = ENOENT)
# ** Error (suppressible): (vsim-19) Failed to access library 'rtl_work' at "rtl_work".
# No such file or directory. (errno = ENOENT)
# Loading work.DWT_3
# ** Error (suppressible): (vsim-19) Failed to access library 'cycloneiii_ver' at "cycloneiii_ver".
# No such file or directory. (errno = ENOENT)
# ** Error (suppressible): (vsim-19) Failed to access library 'rtl_work' at "rtl_work".
# No such file or directory. (errno = ENOENT)
# ** Error (suppressible): (vsim-19) Failed to access library 'cycloneiii_ver' at "cycloneiii_ver".
# No such file or directory. (errno = ENOENT)
# ** Error (suppressible): (vsim-19) Failed to access library 'rtl_work' at "rtl_work".
# No such file or directory. (errno = ENOENT)
# ** Error (suppressible): (vsim-19) Failed to access library 'cycloneiii_ver' at "cycloneiii_ver".
# No such file or directory. (errno = ENOENT)
# ** Error (suppressible): (vsim-19) Failed to access library 'rtl_work' at "rtl_work".
# No such file or directory. (errno = ENOENT)
# Loading work.DWT_4
# ** Error (suppressible): (vsim-19) Failed to access library 'cycloneiii_ver' at "cycloneiii_ver".
# No such file or directory. (errno = ENOENT)
# ** Error (suppressible): (vsim-19) Failed to access library 'rtl_work' at "rtl_work".
# No such file or directory. (errno = ENOENT)
# ** Error (suppressible): (vsim-19) Failed to access library 'cycloneiii_ver' at "cycloneiii_ver".
# No such file or directory. (errno = ENOENT)
# ** Error (suppressible): (vsim-19) Failed to access library 'rtl_work' at "rtl_work".
# No such file or directory. (errno = ENOENT)
# ** Error (suppressible): (vsim-19) Failed to access library 'cycloneiii_ver' at "cycloneiii_ver".
# No such file or directory. (errno = ENOENT)
# ** Error (suppressible): (vsim-19) Failed to access library 'rtl_work' at "rtl_work".
# No such file or directory. (errno = ENOENT)
# ** Error (suppressible): (vsim-19) Failed to access library 'cycloneiii_ver' at "cycloneiii_ver".
# No such file or directory. (errno = ENOENT)
# ** Error (suppressible): (vsim-19) Failed to access library 'rtl_work' at "rtl_work".
# No such file or directory. (errno = ENOENT)
# ** Error (suppressible): (vsim-19) Failed to access library 'cycloneiii_ver' at "cycloneiii_ver".
# No such file or directory. (errno = ENOENT)
# ** Error (suppressible): (vsim-19) Failed to access library 'rtl_work' at "rtl_work".
# No such file or directory. (errno = ENOENT)
# ** Error (suppressible): (vsim-19) Failed to access library 'cycloneiii_ver' at "cycloneiii_ver".
# No such file or directory. (errno = ENOENT)
# ** Error (suppressible): (vsim-19) Failed to access library 'rtl_work' at "rtl_work".
# No such file or directory. (errno = ENOENT)
# ** Error (suppressible): (vsim-19) Failed to access library 'cycloneiii_ver' at "cycloneiii_ver".
# No such file or directory. (errno = ENOENT)
# ** Error (suppressible): (vsim-19) Failed to access library 'rtl_work' at "rtl_work".
# No such file or directory. (errno = ENOENT)
# ** Error (suppressible): (vsim-19) Failed to access library 'cycloneiii_ver' at "cycloneiii_ver".
# No such file or directory. (errno = ENOENT)
# ** Error (suppressible): (vsim-19) Failed to access library 'rtl_work' at "rtl_work".
# No such file or directory. (errno = ENOENT)
# ** Error (suppressible): (vsim-19) Failed to access library 'cycloneiii_ver' at "cycloneiii_ver".
# No such file or directory. (errno = ENOENT)
# ** Error (suppressible): (vsim-19) Failed to access library 'rtl_work' at "rtl_work".
# No such file or directory. (errno = ENOENT)
# ** Error (suppressible): (vsim-19) Failed to access library 'cycloneiii_ver' at "cycloneiii_ver".
# No such file or directory. (errno = ENOENT)
# ** Error (suppressible): (vsim-19) Failed to access library 'rtl_work' at "rtl_work".
# No such file or directory. (errno = ENOENT)
# ** Error (suppressible): (vsim-19) Failed to access library 'cycloneiii_ver' at "cycloneiii_ver".
# No such file or directory. (errno = ENOENT)
# ** Error (suppressible): (vsim-19) Failed to access library 'rtl_work' at "rtl_work".
# No such file or directory. (errno = ENOENT)
# ** Error (suppressible): (vsim-19) Failed to access library 'cycloneiii_ver' at "cycloneiii_ver".
# No such file or directory. (errno = ENOENT)
# ** Error (suppressible): (vsim-19) Failed to access library 'rtl_work' at "rtl_work".
# No such file or directory. (errno = ENOENT)
# ** Error (suppressible): (vsim-19) Failed to access library 'cycloneiii_ver' at "cycloneiii_ver".
# No such file or directory. (errno = ENOENT)
# ** Error (suppressible): (vsim-19) Failed to access library 'rtl_work' at "rtl_work".
# No such file or directory. (errno = ENOENT)
# ** Error (suppressible): (vsim-19) Failed to access library 'cycloneiii_ver' at "cycloneiii_ver".
# No such file or directory. (errno = ENOENT)
# ** Error (suppressible): (vsim-19) Failed to access library 'rtl_work' at "rtl_work".
# No such file or directory. (errno = ENOENT)
# ** Error (suppressible): (vsim-19) Failed to access library 'cycloneiii_ver' at "cycloneiii_ver".
# No such file or directory. (errno = ENOENT)
# ** Error (suppressible): (vsim-19) Failed to access library 'rtl_work' at "rtl_work".
# No such file or directory. (errno = ENOENT)
# ** Error (suppressible): (vsim-19) Failed to access library 'cycloneiii_ver' at "cycloneiii_ver".
# No such file or directory. (errno = ENOENT)
# ** Error (suppressible): (vsim-19) Failed to access library 'rtl_work' at "rtl_work".
# No such file or directory. (errno = ENOENT)
# ** Error (suppressible): (vsim-19) Failed to access library 'cycloneiii_ver' at "cycloneiii_ver".
# No such file or directory. (errno = ENOENT)
# ** Error (suppressible): (vsim-19) Failed to access library 'rtl_work' at "rtl_work".
# No such file or directory. (errno = ENOENT)
# ** Error (suppressible): (vsim-19) Failed to access library 'cycloneiii_ver' at "cycloneiii_ver".
# No such file or directory. (errno = ENOENT)
# ** Error (suppressible): (vsim-19) Failed to access library 'rtl_work' at "rtl_work".
# No such file or directory. (errno = ENOENT)
# ** Error (suppressible): (vsim-19) Failed to access library 'cycloneiii_ver' at "cycloneiii_ver".
# No such file or directory. (errno = ENOENT)
# ** Error (suppressible): (vsim-19) Failed to access library 'rtl_work' at "rtl_work".
# No such file or directory. (errno = ENOENT)
# ** Error (suppressible): (vsim-19) Failed to access library 'cycloneiii_ver' at "cycloneiii_ver".
# No such file or directory. (errno = ENOENT)
# ** Error (suppressible): (vsim-19) Failed to access library 'rtl_work' at "rtl_work".
# No such file or directory. (errno = ENOENT)
# ** Error (suppressible): (vsim-19) Failed to access library 'cycloneiii_ver' at "cycloneiii_ver".
# No such file or directory. (errno = ENOENT)
# ** Error (suppressible): (vsim-19) Failed to access library 'rtl_work' at "rtl_work".
# No such file or directory. (errno = ENOENT)
# ** Error (suppressible): (vsim-19) Failed to access library 'cycloneiii_ver' at "cycloneiii_ver".
# No such file or directory. (errno = ENOENT)
# ** Error (suppressible): (vsim-19) Failed to access library 'rtl_work' at "rtl_work".
# No such file or directory. (errno = ENOENT)
# ** Error (suppressible): (vsim-19) Failed to access library 'cycloneiii_ver' at "cycloneiii_ver".
# No such file or directory. (errno = ENOENT)
# ** Error (suppressible): (vsim-19) Failed to access library 'rtl_work' at "rtl_work".
# No such file or directory. (errno = ENOENT)
# ** Error (suppressible): (vsim-19) Failed to access library 'cycloneiii_ver' at "cycloneiii_ver".
# No such file or directory. (errno = ENOENT)
# ** Error (suppressible): (vsim-19) Failed to access library 'rtl_work' at "rtl_work".
# No such file or directory. (errno = ENOENT)
# ** Error (suppressible): (vsim-19) Failed to access library 'cycloneiii_ver' at "cycloneiii_ver".
# No such file or directory. (errno = ENOENT)
# ** Error (suppressible): (vsim-19) Failed to access library 'rtl_work' at "rtl_work".
# No such file or directory. (errno = ENOENT)
# ** Error (suppressible): (vsim-19) Failed to access library 'cycloneiii_ver' at "cycloneiii_ver".
# No such file or directory. (errno = ENOENT)
# ** Error (suppressible): (vsim-19) Failed to access library 'rtl_work' at "rtl_work".
# No such file or directory. (errno = ENOENT)
# ** Error (suppressible): (vsim-19) Failed to access library 'cycloneiii_ver' at "cycloneiii_ver".
# No such file or directory. (errno = ENOENT)
# ** Error (suppressible): (vsim-19) Failed to access library 'rtl_work' at "rtl_work".
# No such file or directory. (errno = ENOENT)
# ** Error (suppressible): (vsim-19) Failed to access library 'cycloneiii_ver' at "cycloneiii_ver".
# No such file or directory. (errno = ENOENT)
# ** Error (suppressible): (vsim-19) Failed to access library 'rtl_work' at "rtl_work".
# No such file or directory. (errno = ENOENT)
# Loading work.com
# ** Error (suppressible): (vsim-19) Failed to access library 'cycloneiii_ver' at "cycloneiii_ver".
# No such file or directory. (errno = ENOENT)
# ** Error (suppressible): (vsim-19) Failed to access library 'rtl_work' at "rtl_work".
# No such file or directory. (errno = ENOENT)
# ** Error (suppressible): (vsim-19) Failed to access library 'cycloneiii_ver' at "cycloneiii_ver".
# No such file or directory. (errno = ENOENT)
# ** Error (suppressible): (vsim-19) Failed to access library 'rtl_work' at "rtl_work".
# No such file or directory. (errno = ENOENT)
# ** Error (suppressible): (vsim-19) Failed to access library 'cycloneiii_ver' at "cycloneiii_ver".
# No such file or directory. (errno = ENOENT)
# ** Error (suppressible): (vsim-19) Failed to access library 'rtl_work' at "rtl_work".
# No such file or directory. (errno = ENOENT)
# ** Error (suppressible): (vsim-19) Failed to access library 'cycloneiii_ver' at "cycloneiii_ver".
# No such file or directory. (errno = ENOENT)
# ** Error (suppressible): (vsim-19) Failed to access library 'rtl_work' at "rtl_work".
# No such file or directory. (errno = ENOENT)
# ** Error (suppressible): (vsim-19) Failed to access library 'cycloneiii_ver' at "cycloneiii_ver".
# No such file or directory. (errno = ENOENT)
# ** Error (suppressible): (vsim-19) Failed to access library 'rtl_work' at "rtl_work".
# No such file or directory. (errno = ENOENT)
# ** Error (suppressible): (vsim-19) Failed to access library 'cycloneiii_ver' at "cycloneiii_ver".
# No such file or directory. (errno = ENOENT)
# ** Error (suppressible): (vsim-19) Failed to access library 'rtl_work' at "rtl_work".
# No such file or directory. (errno = ENOENT)
# ** Error (suppressible): (vsim-19) Failed to access library 'cycloneiii_ver' at "cycloneiii_ver".
# No such file or directory. (errno = ENOENT)
# ** Error (suppressible): (vsim-19) Failed to access library 'rtl_work' at "rtl_work".
# No such file or directory. (errno = ENOENT)
# ** Error (suppressible): (vsim-19) Failed to access library 'cycloneiii_ver' at "cycloneiii_ver".
# No such file or directory. (errno = ENOENT)
# ** Error (suppressible): (vsim-19) Failed to access library 'rtl_work' at "rtl_work".
# No such file or directory. (errno = ENOENT)
# ** Error (suppressible): (vsim-19) Failed to access library 'cycloneiii_ver' at "cycloneiii_ver".
# No such file or directory. (errno = ENOENT)
# ** Error (suppressible): (vsim-19) Failed to access library 'rtl_work' at "rtl_work".
# No such file or directory. (errno = ENOENT)
# ** Error (suppressible): (vsim-19) Failed to access library 'cycloneiii_ver' at "cycloneiii_ver".
# No such file or directory. (errno = ENOENT)
# ** Error (suppressible): (vsim-19) Failed to access library 'rtl_work' at "rtl_work".
# No such file or directory. (errno = ENOENT)
# ** Error (suppressible): (vsim-19) Failed to access library 'cycloneiii_ver' at "cycloneiii_ver".
# No such file or directory. (errno = ENOENT)
# ** Error (suppressible): (vsim-19) Failed to access library 'rtl_work' at "rtl_work".
# No such file or directory. (errno = ENOENT)
# ** Error (suppressible): (vsim-19) Failed to access library 'cycloneiii_ver' at "cycloneiii_ver".
# No such file or directory. (errno = ENOENT)
# ** Error (suppressible): (vsim-19) Failed to access library 'rtl_work' at "rtl_work".
# No such file or directory. (errno = ENOENT)
# ** Error (suppressible): (vsim-19) Failed to access library 'cycloneiii_ver' at "cycloneiii_ver".
# No such file or directory. (errno = ENOENT)
# ** Error (suppressible): (vsim-19) Failed to access library 'rtl_work' at "rtl_work".
# No such file or directory. (errno = ENOENT)
# ** Error (suppressible): (vsim-19) Failed to access library 'cycloneiii_ver' at "cycloneiii_ver".
# No such file or directory. (errno = ENOENT)
# ** Error (suppressible): (vsim-19) Failed to access library 'rtl_work' at "rtl_work".
# No such file or directory. (errno = ENOENT)
# ** Error (suppressible): (vsim-19) Failed to access library 'cycloneiii_ver' at "cycloneiii_ver".
# No such file or directory. (errno = ENOENT)
# ** Error (suppressible): (vsim-19) Failed to access library 'rtl_work' at "rtl_work".
# No such file or directory. (errno = ENOENT)
# ** Error (suppressible): (vsim-19) Failed to access library 'cycloneiii_ver' at "cycloneiii_ver".
# No such file or directory. (errno = ENOENT)
# ** Error (suppressible): (vsim-19) Failed to access library 'rtl_work' at "rtl_work".
# No such file or directory. (errno = ENOENT)
# ** Error (suppressible): (vsim-19) Failed to access library 'cycloneiii_ver' at "cycloneiii_ver".
# No such file or directory. (errno = ENOENT)
# ** Error (suppressible): (vsim-19) Failed to access library 'rtl_work' at "rtl_work".
# No such file or directory. (errno = ENOENT)
# ** Error (suppressible): (vsim-19) Failed to access library 'cycloneiii_ver' at "cycloneiii_ver".
# No such file or directory. (errno = ENOENT)
# ** Error (suppressible): (vsim-19) Failed to access library 'rtl_work' at "rtl_work".
# No such file or directory. (errno = ENOENT)
# ** Error (suppressible): (vsim-19) Failed to access library 'cycloneiii_ver' at "cycloneiii_ver".
# No such file or directory. (errno = ENOENT)
# ** Error (suppressible): (vsim-19) Failed to access library 'rtl_work' at "rtl_work".
# No such file or directory. (errno = ENOENT)
# ** Error (suppressible): (vsim-19) Failed to access library 'cycloneiii_ver' at "cycloneiii_ver".
# No such file or directory. (errno = ENOENT)
# ** Error (suppressible): (vsim-19) Failed to access library 'rtl_work' at "rtl_work".
# No such file or directory. (errno = ENOENT)
# ** Error (suppressible): (vsim-19) Failed to access library 'cycloneiii_ver' at "cycloneiii_ver".
# No such file or directory. (errno = ENOENT)
# ** Error (suppressible): (vsim-19) Failed to access library 'rtl_work' at "rtl_work".
# No such file or directory. (errno = ENOENT)
# ** Error (suppressible): (vsim-19) Failed to access library 'cycloneiii_ver' at "cycloneiii_ver".
# No such file or directory. (errno = ENOENT)
# ** Error (suppressible): (vsim-19) Failed to access library 'rtl_work' at "rtl_work".
# No such file or directory. (errno = ENOENT)
# ** Error (suppressible): (vsim-19) Failed to access library 'cycloneiii_ver' at "cycloneiii_ver".
# No such file or directory. (errno = ENOENT)
# ** Error (suppressible): (vsim-19) Failed to access library 'rtl_work' at "rtl_work".
# No such file or directory. (errno = ENOENT)
# .main_pane.wave.interior.cs.body.pw.wf
# .main_pane.structure.interior.cs.body.struct
# .main_pane.objects.interior.cs.body.tree
